<?xml version="1.0" encoding="UTF-8"?>
<testng-results skipped="0" failed="0" ignored="0" total="1" passed="1">
  <reporter-output>
  </reporter-output>
  <suite name="Default suite" duration-ms="36181" started-at="2021-11-20T06:06:00Z" finished-at="2021-11-20T06:06:36Z">
    <groups>
    </groups>
    <test name="Default test" duration-ms="36181" started-at="2021-11-20T06:06:00Z" finished-at="2021-11-20T06:06:36Z">
      <class name="com.execution.TestExecution">
        <test-method status="PASS" signature="test01()[pri:0, instance:com.execution.TestExecution@6d4b1c02]" name="test01" duration-ms="35846" started-at="2021-11-20T06:06:01Z" finished-at="2021-11-20T06:06:36Z">
          <reporter-output>
          </reporter-output>
        </test-method> <!-- test01 -->
      </class> <!-- com.execution.TestExecution -->
    </test> <!-- Default test -->
  </suite> <!-- Default suite -->
</testng-results>
