<?xml version="1.0" encoding="UTF-8"?>
<testng-results skipped="0" failed="0" ignored="0" total="1" passed="1">
  <reporter-output>
  </reporter-output>
  <suite name="Default suite" duration-ms="12491" started-at="2020-07-18T05:14:36Z" finished-at="2020-07-18T05:14:49Z">
    <groups>
    </groups>
    <test name="Default test" duration-ms="12491" started-at="2020-07-18T05:14:36Z" finished-at="2020-07-18T05:14:49Z">
      <class name="com.execution.TestExecution">
        <test-method status="PASS" signature="test01()[pri:0, instance:com.execution.TestExecution@cb5822]" name="test01" duration-ms="12331" started-at="2020-07-18T05:14:36Z" finished-at="2020-07-18T05:14:49Z">
          <reporter-output>
          </reporter-output>
        </test-method> <!-- test01 -->
      </class> <!-- com.execution.TestExecution -->
    </test> <!-- Default test -->
  </suite> <!-- Default suite -->
</testng-results>
